c:\users\carto\desktop\ics167game\ics167-robocats\robocataction\robocat\debug\robocat.pch
c:\users\carto\desktop\ics167game\ics167-robocats\robocataction\robocat\debug\robocat.pdb
c:\users\carto\desktop\ics167game\ics167-robocats\robocataction\robocat\debug\robocat.idb
c:\users\carto\desktop\ics167game\ics167-robocats\robocataction\robocat\debug\robocatpch.obj
c:\users\carto\desktop\ics167game\ics167-robocats\robocataction\robocat\debug\udpsocket.obj
c:\users\carto\desktop\ics167game\ics167-robocats\robocataction\robocat\debug\mouse.obj
c:\users\carto\desktop\ics167game\ics167-robocats\robocataction\robocat\debug\gameobject.obj
c:\users\carto\desktop\ics167game\ics167-robocats\robocataction\robocat\debug\timing.obj
c:\users\carto\desktop\ics167game\ics167-robocats\robocataction\robocat\debug\tcpsocket.obj
c:\users\carto\desktop\ics167game\ics167-robocats\robocataction\robocat\debug\stringutils.obj
c:\users\carto\desktop\ics167game\ics167-robocats\robocataction\robocat\debug\socketutil.obj
c:\users\carto\desktop\ics167game\ics167-robocats\robocataction\robocat\debug\socketaddressfactory.obj
c:\users\carto\desktop\ics167game\ics167-robocats\robocataction\robocat\debug\socketaddress.obj
c:\users\carto\desktop\ics167game\ics167-robocats\robocataction\robocat\debug\robocat.obj
c:\users\carto\desktop\ics167game\ics167-robocats\robocataction\robocat\debug\scoreboardmanager.obj
c:\users\carto\desktop\ics167game\ics167-robocats\robocataction\robocat\debug\robomath.obj
c:\users\carto\desktop\ics167game\ics167-robocats\robocataction\robocat\debug\networkmanager.obj
c:\users\carto\desktop\ics167game\ics167-robocats\robocataction\robocat\debug\movelist.obj
c:\users\carto\desktop\ics167game\ics167-robocats\robocataction\robocat\debug\move.obj
c:\users\carto\desktop\ics167game\ics167-robocats\robocataction\robocat\debug\memorybitstream.obj
c:\users\carto\desktop\ics167game\ics167-robocats\robocataction\robocat\debug\inputstate.obj
c:\users\carto\desktop\ics167game\ics167-robocats\robocataction\robocat\debug\gameobjectregistry.obj
c:\users\carto\desktop\ics167game\ics167-robocats\robocataction\robocat\debug\engine.obj
c:\users\carto\desktop\ics167game\ics167-robocats\robocataction\robocat\debug\yarn.obj
c:\users\carto\desktop\ics167game\ics167-robocats\robocataction\robocat\debug\world.obj
c:\users\carto\desktop\ics167game\ics167-robocats\robocataction\robocat\bin\debug\robocat.lib
c:\users\carto\desktop\ics167game\ics167-robocats\robocataction\robocat\debug\robocat.tlog\cl.command.1.tlog
c:\users\carto\desktop\ics167game\ics167-robocats\robocataction\robocat\debug\robocat.tlog\cl.read.1.tlog
c:\users\carto\desktop\ics167game\ics167-robocats\robocataction\robocat\debug\robocat.tlog\cl.write.1.tlog
c:\users\carto\desktop\ics167game\ics167-robocats\robocataction\robocat\debug\robocat.tlog\lib-link.read.1.tlog
c:\users\carto\desktop\ics167game\ics167-robocats\robocataction\robocat\debug\robocat.tlog\lib-link.write.1.tlog
c:\users\carto\desktop\ics167game\ics167-robocats\robocataction\robocat\debug\robocat.tlog\lib.command.1.tlog
