c:\users\carto\desktop\ics167game\ics167-robocats\robocataction\robocatclient\debug\robocatclient.pch
c:\users\carto\desktop\ics167game\ics167-robocats\robocataction\robocatclient\debug\vc141.pdb
c:\users\carto\desktop\ics167game\ics167-robocats\robocataction\robocatclient\debug\vc141.idb
c:\users\carto\desktop\ics167game\ics167-robocats\robocataction\robocatclient\debug\robocatclientpch.obj
c:\users\carto\desktop\ics167game\ics167-robocats\robocataction\robocatclient\debug\windowmanager.obj
c:\users\carto\desktop\ics167game\ics167-robocats\robocataction\robocatclient\debug\mouseclient.obj
c:\users\carto\desktop\ics167game\ics167-robocats\robocataction\robocatclient\debug\texturemanager.obj
c:\users\carto\desktop\ics167game\ics167-robocats\robocataction\robocatclient\debug\texture.obj
c:\users\carto\desktop\ics167game\ics167-robocats\robocataction\robocatclient\debug\spritecomponent.obj
c:\users\carto\desktop\ics167game\ics167-robocats\robocataction\robocatclient\debug\robocatclient.obj
c:\users\carto\desktop\ics167game\ics167-robocats\robocataction\robocatclient\debug\replicationmanagerclient.obj
c:\users\carto\desktop\ics167game\ics167-robocats\robocataction\robocatclient\debug\rendermanager.obj
c:\users\carto\desktop\ics167game\ics167-robocats\robocataction\robocatclient\debug\networkmanagerclient.obj
c:\users\carto\desktop\ics167game\ics167-robocats\robocataction\robocatclient\debug\inputmanager.obj
c:\users\carto\desktop\ics167game\ics167-robocats\robocataction\robocatclient\debug\hud.obj
c:\users\carto\desktop\ics167game\ics167-robocats\robocataction\robocatclient\debug\graphicsdriver.obj
c:\users\carto\desktop\ics167game\ics167-robocats\robocataction\robocatclient\debug\clientmain.obj
c:\users\carto\desktop\ics167game\ics167-robocats\robocataction\robocatclient\debug\client.obj
c:\users\carto\desktop\ics167game\ics167-robocats\robocataction\robocatclient\debug\yarnclient.obj
c:\users\carto\desktop\ics167game\ics167-robocats\robocataction\debug\robocatclient.ilk
c:\users\carto\desktop\ics167game\ics167-robocats\robocataction\debug\robocatclient.exe
c:\users\carto\desktop\ics167game\ics167-robocats\robocataction\debug\robocatclient.pdb
c:\users\carto\desktop\ics167game\ics167-robocats\robocataction\robocatclient\debug\robocatclient.tlog\cl.command.1.tlog
c:\users\carto\desktop\ics167game\ics167-robocats\robocataction\robocatclient\debug\robocatclient.tlog\cl.read.1.tlog
c:\users\carto\desktop\ics167game\ics167-robocats\robocataction\robocatclient\debug\robocatclient.tlog\cl.write.1.tlog
c:\users\carto\desktop\ics167game\ics167-robocats\robocataction\robocatclient\debug\robocatclient.tlog\link.command.1.tlog
c:\users\carto\desktop\ics167game\ics167-robocats\robocataction\robocatclient\debug\robocatclient.tlog\link.read.1.tlog
c:\users\carto\desktop\ics167game\ics167-robocats\robocataction\robocatclient\debug\robocatclient.tlog\link.write.1.tlog
