C:\Program Files (x86)\Microsoft Visual Studio\2017\Enterprise\Common7\IDE\VC\VCTargets\Microsoft.CppClean.targets(76,5): warning : The process cannot access the file 'c:\users\carto\desktop\ics167game\ics167-robocats\robocataction\robocatserver\debug\robocatserver.tlog\cl.write.1.tlog' because it is being used by another process.
  RoboCatServerPCH.cpp
  YarnServer.cpp
  ClientProxy.cpp
  ReplicationManagerServer.cpp
  Server.cpp
  ServerMain.cpp
  NetworkManagerServer.cpp
  RoboCatServer.cpp
  MouseServer.cpp
  Generating Code...
  RoboCatServer.vcxproj -> C:\Users\carto\Desktop\ICS167Game\ICS167-RoboCats\RoboCatAction\Debug\RoboCatServer.exe
  Copying SDL DLLs...
  C:\Users\carto\Desktop\ICS167Game\ICS167-RoboCats\RoboCatAction\RoboCatServer\\..\SDL\lib\win\x86\libfreetype-6.dll
  C:\Users\carto\Desktop\ICS167Game\ICS167-RoboCats\RoboCatAction\RoboCatServer\\..\SDL\lib\win\x86\libogg-0.dll
  C:\Users\carto\Desktop\ICS167Game\ICS167-RoboCats\RoboCatAction\RoboCatServer\\..\SDL\lib\win\x86\libpng16-16.dll
  C:\Users\carto\Desktop\ICS167Game\ICS167-RoboCats\RoboCatAction\RoboCatServer\\..\SDL\lib\win\x86\libvorbis-0.dll
  C:\Users\carto\Desktop\ICS167Game\ICS167-RoboCats\RoboCatAction\RoboCatServer\\..\SDL\lib\win\x86\libvorbisfile-3.dll
  C:\Users\carto\Desktop\ICS167Game\ICS167-RoboCats\RoboCatAction\RoboCatServer\\..\SDL\lib\win\x86\SDL2.dll
  C:\Users\carto\Desktop\ICS167Game\ICS167-RoboCats\RoboCatAction\RoboCatServer\\..\SDL\lib\win\x86\SDL2_image.dll
  C:\Users\carto\Desktop\ICS167Game\ICS167-RoboCats\RoboCatAction\RoboCatServer\\..\SDL\lib\win\x86\SDL2_mixer.dll
  C:\Users\carto\Desktop\ICS167Game\ICS167-RoboCats\RoboCatAction\RoboCatServer\\..\SDL\lib\win\x86\SDL2_ttf.dll
  C:\Users\carto\Desktop\ICS167Game\ICS167-RoboCats\RoboCatAction\RoboCatServer\\..\SDL\lib\win\x86\zlib1.dll
  10 File(s) copied
